\BOOKMARK [1][-]{section.1}{Uvod}{}% 1
\BOOKMARK [1][-]{section.2}{Kori\235tene tehnologije}{}% 2
\BOOKMARK [2][-]{subsection.2.1}{Unity}{section.2}% 3
\BOOKMARK [2][-]{subsection.2.2}{SketchUp}{section.2}% 4
\BOOKMARK [1][-]{section.3}{Unity}{}% 5
\BOOKMARK [2][-]{subsection.3.1}{Korisnicko sucelje}{section.3}% 6
\BOOKMARK [3][-]{subsubsection.3.1.1}{Inspektor}{subsection.3.1}% 7
\BOOKMARK [3][-]{subsubsection.3.1.2}{Scena}{subsection.3.1}% 8
\BOOKMARK [3][-]{subsubsection.3.1.3}{Hijerarhija}{subsection.3.1}% 9
\BOOKMARK [3][-]{subsubsection.3.1.4}{Projekt}{subsection.3.1}% 10
\BOOKMARK [3][-]{subsubsection.3.1.5}{Igra}{subsection.3.1}% 11
\BOOKMARK [3][-]{subsubsection.3.1.6}{Konzola}{subsection.3.1}% 12
\BOOKMARK [3][-]{subsubsection.3.1.7}{Trgovina}{subsection.3.1}% 13
\BOOKMARK [2][-]{subsection.3.2}{Igrajuci objekti}{section.3}% 14
\BOOKMARK [2][-]{subsection.3.3}{Kamera}{section.3}% 15
\BOOKMARK [2][-]{subsection.3.4}{Svijetlo}{section.3}% 16
\BOOKMARK [2][-]{subsection.3.5}{Monta\236ni objekti}{section.3}% 17
\BOOKMARK [2][-]{subsection.3.6}{Komponente}{section.3}% 18
\BOOKMARK [3][-]{subsubsection.3.6.1}{Kruta tijela}{subsection.3.6}% 19
\BOOKMARK [3][-]{subsubsection.3.6.2}{Sudaraci}{subsection.3.6}% 20
\BOOKMARK [3][-]{subsubsection.3.6.3}{Transformacija}{subsection.3.6}% 21
\BOOKMARK [2][-]{subsection.3.7}{Kotaci}{section.3}% 22
\BOOKMARK [3][-]{subsubsection.3.7.1}{Rotiranje kotaca}{subsection.3.7}% 23
\BOOKMARK [3][-]{subsubsection.3.7.2}{Problemi u zavojima}{subsection.3.7}% 24
\BOOKMARK [1][-]{section.4}{Skriptiranje}{}% 25
\BOOKMARK [2][-]{subsection.4.1}{Izrada i kori\235tenje skripti}{section.4}% 26
\BOOKMARK [2][-]{subsection.4.2}{Sadr\236aj skripti}{section.4}% 27
\BOOKMARK [2][-]{subsection.4.3}{Pokretanje igrajucih objekata}{section.4}% 28
\BOOKMARK [2][-]{subsection.4.4}{Funkcije dogaaja}{section.4}% 29
\BOOKMARK [3][-]{subsubsection.4.4.1}{Razlike fizickih funkcija dogaaja}{subsection.4.4}% 30
\BOOKMARK [2][-]{subsection.4.5}{Genericke funkcije}{section.4}% 31
\BOOKMARK [1][-]{section.5}{Korisnicko sucelje}{}% 32
\BOOKMARK [2][-]{subsection.5.1}{Platno}{section.5}% 33
\BOOKMARK [3][-]{subsubsection.5.1.1}{Raspored elemenata}{subsection.5.1}% 34
\BOOKMARK [3][-]{subsubsection.5.1.2}{Sidri\235ta}{subsection.5.1}% 35
\BOOKMARK [2][-]{subsection.5.2}{Tekst objekti}{section.5}% 36
\BOOKMARK [3][-]{subsubsection.5.2.1}{Modovi izrade}{subsection.5.2}% 37
\BOOKMARK [2][-]{subsection.5.3}{Glavni izbornik}{section.5}% 38
\BOOKMARK [1][-]{section.6}{Zvuk}{}% 39
\BOOKMARK [2][-]{subsection.6.1}{Zvucni oslu\235kivac}{section.6}% 40
\BOOKMARK [2][-]{subsection.6.2}{Postavke}{section.6}% 41
\BOOKMARK [1][-]{section.7}{Klase}{}% 42
\BOOKMARK [2][-]{subsection.7.1}{Klasa CarMovement}{section.7}% 43
\BOOKMARK [2][-]{subsection.7.2}{Klasa MenuController}{section.7}% 44
\BOOKMARK [2][-]{subsection.7.3}{Klasa SoundEffects}{section.7}% 45
\BOOKMARK [2][-]{subsection.7.4}{Klasa RotateBoxes}{section.7}% 46
\BOOKMARK [1][-]{section.8}{Zakljucak}{}% 47
\BOOKMARK [1][-]{section.9}{Literatura}{}% 48
